#
# There is insufficient memory for the Java Runtime Environment to continue.
# Native memory allocation (mmap) failed to map 251658240 bytes for G1 virtual space
# Possible reasons:
#   The system is out of physical RAM or swap space
#   The process is running with CompressedOops enabled, and the Java Heap may be blocking the growth of the native heap
# Possible solutions:
#   Reduce memory load on the system
#   Increase physical memory or swap space
#   Check if swap backing store is full
#   Decrease Java heap size (-Xmx/-Xms)
#   Decrease number of Java threads
#   Decrease Java thread stack sizes (-Xss)
#   Set larger code cache with -XX:ReservedCodeCacheSize=
#   JVM is running with Zero Based Compressed Oops mode in which the Java heap is
#     placed in the first 32GB address space. The Java Heap base address is the
#     maximum limit for the native heap growth. Please use -XX:HeapBaseMinAddress
#     to set the Java Heap base and to place the Java Heap above 32GB virtual address.
# This output file may be truncated or incomplete.
#
#  Out of Memory Error (os_windows.cpp:3541), pid=15916, tid=21000
#
# JRE version:  (17.0.4+8) (build )
# Java VM: OpenJDK 64-Bit Server VM (17.0.4+8, mixed mode, sharing, tiered, compressed oops, compressed class ptrs, g1 gc, windows-amd64)
# No core dump will be written. Minidumps are not enabled by default on client versions of Windows
#

---------------  S U M M A R Y ------------

Command Line: -Dfile.encoding=UTF-8 --module-path=D:\PROGRAMS\java\kursa4_console\kursa4_console\bin -XX:+ShowCodeDetailsInExceptionMessages -Djdk.module.main=kursa4_console kursa4_console/kursa4_console.App

Host: AMD Ryzen 7 3700U with Radeon Vega Mobile Gfx  , 8 cores, 14G,  Windows 10 , 64 bit Build 19041 (10.0.19041.1889)
Time: Wed Oct  5 18:21:15 2022 RTZ 2 (s 10 , 64 bit Build 19041 (10.0.19041.1889) elapsed time: 0.062334 seconds (0d 0h 0m 0s)

---------------  T H R E A D  ---------------

Current thread (0x0000022bec5fb2b0):  JavaThread "Unknown thread" [_thread_in_vm, id=21000, stack(0x000000c6bcc00000,0x000000c6bcd00000)]

Stack: [0x000000c6bcc00000,0x000000c6bcd00000]
Native frames: (J=compiled Java code, j=interpreted, Vv=VM code, C=native code)
V  [jvm.dll+0x67733a]
V  [jvm.dll+0x8323c4]
V  [jvm.dll+0x833b6e]
V  [jvm.dll+0x8341d3]
V  [jvm.dll+0x2455e5]
V  [jvm.dll+0x674229]
V  [jvm.dll+0x668ab2]
V  [jvm.dll+0x30458b]
V  [jvm.dll+0x30bad6]
V  [jvm.dll+0x35ba7e]
V  [jvm.dll+0x35bcaf]
V  [jvm.dll+0x2db428]
V  [jvm.dll+0x2dc394]
V  [jvm.dll+0x803ef1]
V  [jvm.dll+0x3698d1]
V  [jvm.dll+0x7e320c]
V  [jvm.dll+0x3ec23f]
V  [jvm.dll+0x3eddc1]
C  [jli.dll+0x5277]
C  [ucrtbase.dll+0x21bb2]
C  [KERNEL32.DLL+0x17034]
C  [ntdll.dll+0x526a1]


---------------  P R O C E S S  ---------------

Threads class SMR info:
_java_thread_list=0x00007ffbe45c4e98, length=0, elements={
}

Java Threads: ( => current thread )

Other Threads:
  0x0000022bec6637b0 GCTaskThread "GC Thread#0" [stack: 0x000000c6bcd00000,0x000000c6bce00000] [id=9364]
  0x0000022bec690250 ConcurrentGCThread "G1 Main Marker" [stack: 0x000000c6bce00000,0x000000c6bcf00000] [id=20588]
  0x0000022bec690c60 ConcurrentGCThread "G1 Conc#0" [stack: 0x000000c6bcf00000,0x000000c6bd000000] [id=20552]

[error occurred during error reporting (printing all threads), id 0xc0000005, EXCEPTION_ACCESS_VIOLATION (0xc0000005) at pc=0x00007ffbe3d9beb7]

VM state: not at safepoint (not fully initialized)

VM Mutex/Monitor currently owned by a thread:  ([mutex/lock_event])
[0x0000022bec5f53d0] Heap_lock - owner thread: 0x0000022bec5fb2b0

Heap address: 0x0000000710e00000, size: 3826 MB, Compressed Oops mode: Zero based, Oop shift amount: 3

CDS archive(s) mapped at: [0x0000000000000000-0x0000000000000000-0x0000000000000000), size 0, SharedBaseAddress: 0x0000000800000000, ArchiveRelocationMode: 0.
Narrow klass base: 0x0000000000000000, Narrow klass shift: 0, Narrow klass range: 0x0

GC Precious Log:
<Empty>

Heap:
 garbage-first heap   total 0K, used 0K [0x0000000710e00000, 0x0000000800000000)
  region size 2048K, 0 young (0K), 0 survivors (0K)

[error occurred during error reporting (printing heap information), id 0xc0000005, EXCEPTION_ACCESS_VIOLATION (0xc0000005) at pc=0x00007ffbe41806b9]

GC Heap History (0 events):
No events

Deoptimization events (0 events):
No events

Classes unloaded (0 events):
No events

Classes redefined (0 events):
No events

Internal exceptions (0 events):
No events

VM Operations (0 events):
No events

Events (1 events):
Event: 0.015 Loaded shared library C:\Users\wretc\.p2\pool\plugins\org.eclipse.justj.openjdk.hotspot.jre.full.win32.x86_64_17.0.4.v20220805-1047\jre\bin\java.dll


Dynamic libraries:
0x00007ff7dbea0000 - 0x00007ff7dbeae000 	C:\Users\wretc\.p2\pool\plugins\org.eclipse.justj.openjdk.hotspot.jre.full.win32.x86_64_17.0.4.v20220805-1047\jre\bin\javaw.exe
0x00007ffc54b70000 - 0x00007ffc54d68000 	C:\Windows\SYSTEM32\ntdll.dll
0x00007ffc52c80000 - 0x00007ffc52d3d000 	C:\Windows\System32\KERNEL32.DLL
0x00007ffc52290000 - 0x00007ffc5255e000 	C:\Windows\System32\KERNELBASE.dll
0x00007ffc529e0000 - 0x00007ffc52ae0000 	C:\Windows\System32\ucrtbase.dll
0x00007ffc3d160000 - 0x00007ffc3d178000 	C:\Users\wretc\.p2\pool\plugins\org.eclipse.justj.openjdk.hotspot.jre.full.win32.x86_64_17.0.4.v20220805-1047\jre\bin\jli.dll
0x00007ffc3d180000 - 0x00007ffc3d199000 	C:\Users\wretc\.p2\pool\plugins\org.eclipse.justj.openjdk.hotspot.jre.full.win32.x86_64_17.0.4.v20220805-1047\jre\bin\VCRUNTIME140.dll
0x00007ffc53510000 - 0x00007ffc536b0000 	C:\Windows\System32\USER32.dll
0x00007ffc526e0000 - 0x00007ffc52702000 	C:\Windows\System32\win32u.dll
0x00007ffc38420000 - 0x00007ffc386ba000 	C:\Windows\WinSxS\amd64_microsoft.windows.common-controls_6595b64144ccf1df_6.0.19041.1110_none_60b5254171f9507e\COMCTL32.dll
0x00007ffc53850000 - 0x00007ffc5387a000 	C:\Windows\System32\GDI32.dll
0x00007ffc54570000 - 0x00007ffc5460e000 	C:\Windows\System32\msvcrt.dll
0x00007ffc52560000 - 0x00007ffc5266b000 	C:\Windows\System32\gdi32full.dll
0x00007ffc52b30000 - 0x00007ffc52bcd000 	C:\Windows\System32\msvcp_win.dll
0x00007ffc531b0000 - 0x00007ffc531e0000 	C:\Windows\System32\IMM32.DLL
0x00007ffc4cc60000 - 0x00007ffc4cc6c000 	C:\Users\wretc\.p2\pool\plugins\org.eclipse.justj.openjdk.hotspot.jre.full.win32.x86_64_17.0.4.v20220805-1047\jre\bin\vcruntime140_1.dll
0x00007ffc2c320000 - 0x00007ffc2c3b1000 	C:\Users\wretc\.p2\pool\plugins\org.eclipse.justj.openjdk.hotspot.jre.full.win32.x86_64_17.0.4.v20220805-1047\jre\bin\msvcp140.dll
0x00007ffbe3ab0000 - 0x00007ffbe46f6000 	C:\Users\wretc\.p2\pool\plugins\org.eclipse.justj.openjdk.hotspot.jre.full.win32.x86_64_17.0.4.v20220805-1047\jre\bin\server\jvm.dll
0x00007ffc54a80000 - 0x00007ffc54b2e000 	C:\Windows\System32\ADVAPI32.dll
0x00007ffc53890000 - 0x00007ffc5392c000 	C:\Windows\System32\sechost.dll
0x00007ffc54440000 - 0x00007ffc54565000 	C:\Windows\System32\RPCRT4.dll
0x00007ffc52d40000 - 0x00007ffc52d48000 	C:\Windows\System32\PSAPI.DLL
0x00007ffc46a70000 - 0x00007ffc46a7a000 	C:\Windows\SYSTEM32\VERSION.dll
0x00007ffc502f0000 - 0x00007ffc50317000 	C:\Windows\SYSTEM32\WINMM.dll
0x00007ffc2d770000 - 0x00007ffc2d779000 	C:\Windows\SYSTEM32\WSOCK32.dll
0x00007ffc533c0000 - 0x00007ffc5342b000 	C:\Windows\System32\WS2_32.dll
0x00007ffc50b10000 - 0x00007ffc50b22000 	C:\Windows\SYSTEM32\kernel.appcore.dll
0x00007ffc4cbc0000 - 0x00007ffc4cbca000 	C:\Users\wretc\.p2\pool\plugins\org.eclipse.justj.openjdk.hotspot.jre.full.win32.x86_64_17.0.4.v20220805-1047\jre\bin\jimage.dll
0x00007ffc4fe90000 - 0x00007ffc50074000 	C:\Windows\SYSTEM32\DBGHELP.DLL
0x00007ffc49670000 - 0x00007ffc4969c000 	C:\Windows\SYSTEM32\dbgcore.DLL
0x00007ffc528a0000 - 0x00007ffc52922000 	C:\Windows\System32\bcryptPrimitives.dll
0x00007ffc48490000 - 0x00007ffc484b5000 	C:\Users\wretc\.p2\pool\plugins\org.eclipse.justj.openjdk.hotspot.jre.full.win32.x86_64_17.0.4.v20220805-1047\jre\bin\java.dll

dbghelp: loaded successfully - version: 4.0.5 - missing functions: none
symbol engine: initialized successfully - sym options: 0x614 - pdb path: .;C:\Users\wretc\.p2\pool\plugins\org.eclipse.justj.openjdk.hotspot.jre.full.win32.x86_64_17.0.4.v20220805-1047\jre\bin;C:\Windows\SYSTEM32;C:\Windows\WinSxS\amd64_microsoft.windows.common-controls_6595b64144ccf1df_6.0.19041.1110_none_60b5254171f9507e;C:\Users\wretc\.p2\pool\plugins\org.eclipse.justj.openjdk.hotspot.jre.full.win32.x86_64_17.0.4.v20220805-1047\jre\bin\server

VM Arguments:
jvm_args: -Dfile.encoding=UTF-8 --module-path=D:\PROGRAMS\java\kursa4_console\kursa4_console\bin -XX:+ShowCodeDetailsInExceptionMessages -Djdk.module.main=kursa4_console 
java_command: kursa4_console/kursa4_console.App
java_class_path (initial): <not set>
Launcher Type: SUN_STANDARD

[Global flags]
     intx CICompilerCount                          = 4                                         {product} {ergonomic}
     uint ConcGCThreads                            = 2                                         {product} {ergonomic}
     uint G1ConcRefinementThreads                  = 8                                         {product} {ergonomic}
   size_t G1HeapRegionSize                         = 2097152                                   {product} {ergonomic}
    uintx GCDrainStackTargetSize                   = 64                                        {product} {ergonomic}
   size_t InitialHeapSize                          = 251658240                                 {product} {ergonomic}
   size_t MarkStackSize                            = 4194304                                   {product} {ergonomic}
   size_t MaxHeapSize                              = 4011851776                                {product} {ergonomic}
   size_t MinHeapDeltaBytes                        = 2097152                                   {product} {ergonomic}
   size_t MinHeapSize                              = 8388608                                   {product} {ergonomic}
    uintx NonNMethodCodeHeapSize                   = 5839372                                {pd product} {ergonomic}
    uintx NonProfiledCodeHeapSize                  = 122909434                              {pd product} {ergonomic}
    uintx ProfiledCodeHeapSize                     = 122909434                              {pd product} {ergonomic}
    uintx ReservedCodeCacheSize                    = 251658240                              {pd product} {ergonomic}
     bool SegmentedCodeCache                       = true                                      {product} {ergonomic}
     bool ShowCodeDetailsInExceptionMessages       = true                                   {manageable} {command line}
   size_t SoftMaxHeapSize                          = 4011851776                             {manageable} {ergonomic}
     bool UseCompressedClassPointers               = true                           {product lp64_product} {ergonomic}
     bool UseCompressedOops                        = true                           {product lp64_product} {ergonomic}
     bool UseG1GC                                  = true                                      {product} {ergonomic}
     bool UseLargePagesIndividualAllocation        = false                                  {pd product} {ergonomic}

Logging:
Log output configuration:
 #0: stdout all=warning uptime,level,tags
 #1: stderr all=off uptime,level,tags

Environment Variables:
PATH=C:/Users/wretc/.p2/pool/plugins/org.eclipse.justj.openjdk.hotspot.jre.full.win32.x86_64_17.0.4.v20220805-1047/jre/bin/server;C:/Users/wretc/.p2/pool/plugins/org.eclipse.justj.openjdk.hotspot.jre.full.win32.x86_64_17.0.4.v20220805-1047/jre/bin;d:\gcc\bin;d:\gcc\libexec\gcc\x86_64-w64-mingw32\10.3.0;C:\Program Files (x86)\Common Files\Oracle\Java\javapath;C:\Program Files\Microsoft\jdk-11.0.12.7-hotspot\bin;C:\Windows\system32;C:\Program Files\dotnet\;D:\Git\cmd;C:\Program Files\nodejs\;D:\MySQLShell\bin\;C:\Users\wretc\AppData\Local\Microsoft\WindowsApps;;D:\Microsoft VS Code\bin;C:\Users\wretc\.dotnet\tools;C:\Users\wretc\AppData\Roaming\npm;C:\Windows\system32;
USERNAME=wretc
OS=Windows_NT
PROCESSOR_IDENTIFIER=AMD64 Family 23 Model 24 Stepping 1, AuthenticAMD
TMP=C:\Users\wretc\AppData\Local\Temp
TEMP=C:\Users\wretc\AppData\Local\Temp



---------------  S Y S T E M  ---------------

OS:
 Windows 10 , 64 bit Build 19041 (10.0.19041.1889)
OS uptime: 3 days 16:12 hours

CPU: total 8 (initial active 8) (8 cores per cpu, 2 threads per core) family 23 model 24 stepping 1 microcode 0x0, cx8, cmov, fxsr, ht, mmx, 3dnowpref, sse, sse2, sse3, ssse3, sse4a, sse4.1, sse4.2, popcnt, lzcnt, tsc, tscinvbit, avx, avx2, aes, clmul, bmi1, bmi2, adx, sha, fma, vzeroupper, clflush, clflushopt

Memory: 4k page, system-wide physical 15297M (7900M free)
TotalPageFile size 30657M (AvailPageFile size 20M)
current process WorkingSet (physical memory assigned to process): 10M, peak: 10M
current process commit charge ("private bytes"): 60M, peak: 300M

vm_info: OpenJDK 64-Bit Server VM (17.0.4+8) for windows-amd64 JRE (17.0.4+8), built on Jul 19 2022 16:05:16 by "temurin" with MS VC++ 16.7 (VS2019)

END.
